<?xml version="1.0" encoding="UTF-8"?>
<!-- Generated by org.testng.reporters.JUnitReportReporter -->
<testsuite hostname="DESKTOP-02QTJU3" failures="0" tests="2" name="seldocker.GridTest" time="0.204" errors="0" timestamp="2020-06-17T12:54:54 IST" skipped="0">
  <testcase classname="seldocker.GridTest" name="getTitle" time="0.123"/>
  <system-out/>
  <testcase classname="seldocker.GridTest" name="getTitle" time="0.081"/>
  <system-out/>
</testsuite> <!-- seldocker.GridTest -->
